{"/Users/tsustare/src/projects/drinks/src/Thing.tsx": {"path":"/Users/tsustare/src/projects/drinks/src/Thing.tsx","statementMap":{"0":{"start":{"line":5,"column":26},"end":{"line":5,"column":44}},"1":{"start":{"line":6,"column":26},"end":{"line":6,"column":47}},"2":{"start":{"line":7,"column":2},"end":{"line":26,"column":4}},"3":{"start":{"line":19,"column":10},"end":{"line":21,"column":46}},"4":{"start":{"line":20,"column":12},"end":{"line":20,"column":27}},"5":{"start":{"line":29,"column":15},"end":{"line":36,"column":2}}},"fnMap":{"0":{"name":"Thing","decl":{"start":{"line":4,"column":24},"end":{"line":4,"column":29}},"loc":{"start":{"line":4,"column":32},"end":{"line":27,"column":1}},"line":4},"1":{"name":"(anonymous_1)","decl":{"start":{"line":18,"column":17},"end":{"line":18,"column":18}},"loc":{"start":{"line":18,"column":23},"end":{"line":22,"column":9}},"line":18},"2":{"name":"(anonymous_2)","decl":{"start":{"line":19,"column":21},"end":{"line":19,"column":22}},"loc":{"start":{"line":19,"column":27},"end":{"line":21,"column":11}},"line":19}},"branchMap":{"0":{"loc":{"start":{"line":24,"column":7},"end":{"line":24,"column":60}},"type":"binary-expr","locations":[{"start":{"line":24,"column":7},"end":{"line":24,"column":11}},{"start":{"line":24,"column":15},"end":{"line":24,"column":60}}],"line":24}},"s":{"0":3,"1":3,"2":3,"3":1,"4":1,"5":1},"f":{"0":3,"1":1,"2":1},"b":{"0":[3,1]},"_coverageSchema":"1a1c01bbd47fc00a2c39e90264f33305004495a9","hash":"034837cd0cedf49bea1c236a3388cb1c5ee54b1c"}
}
